  datagenerator.cpp
f:\vs projects\volumedata\volumedata\volumedata\datagenerator.hpp(104): warning C4018: '<': signed/unsigned mismatch
f:\vs projects\volumedata\volumedata\volumedata\datagenerator.cpp(108): warning C4244: 'argument': conversion from '__int64' to 'unsigned int', possible loss of data
f:\vs projects\volumedata\volumedata\volumedata\datagenerator.cpp(111): warning C4244: 'argument': conversion from '__int64' to 'unsigned int', possible loss of data
f:\vs projects\volumedata\volumedata\volumedata\datagenerator.cpp(114): warning C4244: 'argument': conversion from '__int64' to 'unsigned int', possible loss of data
f:\vs projects\volumedata\volumedata\volumedata\datagenerator.cpp(177): warning C4244: 'argument': conversion from '__int64' to 'unsigned int', possible loss of data
f:\vs projects\volumedata\volumedata\volumedata\datagenerator.cpp(194): warning C4244: 'argument': conversion from '__int64' to 'unsigned int', possible loss of data
f:\vs projects\volumedata\volumedata\volumedata\datagenerator.cpp(197): warning C4244: 'argument': conversion from '__int64' to 'unsigned int', possible loss of data
f:\vs projects\volumedata\volumedata\volumedata\datagenerator.cpp(200): warning C4244: 'argument': conversion from '__int64' to 'unsigned int', possible loss of data
f:\vs projects\volumedata\volumedata\volumedata\datagenerator.cpp(255): warning C4244: 'argument': conversion from '__int64' to 'unsigned int', possible loss of data
f:\vs projects\volumedata\volumedata\volumedata\datagenerator.cpp(302): warning C4018: '<': signed/unsigned mismatch
f:\vs projects\volumedata\volumedata\volumedata\datagenerator.cpp(304): warning C4018: '<': signed/unsigned mismatch
f:\vs projects\volumedata\volumedata\volumedata\datagenerator.cpp(306): warning C4018: '<': signed/unsigned mismatch
f:\vs projects\volumedata\volumedata\volumedata\datagenerator.cpp(310): warning C4244: 'argument': conversion from '__int64' to 'unsigned int', possible loss of data
f:\vs projects\volumedata\volumedata\volumedata\datagenerator.cpp(315): warning C4244: 'argument': conversion from '__int64' to 'unsigned int', possible loss of data
f:\vs projects\volumedata\volumedata\volumedata\vec3.hpp(8): warning C4244: 'initializing': conversion from 'double' to 'int', possible loss of data
  f:\vs projects\volumedata\volumedata\volumedata\vec3.hpp(28): note: while compiling class template member function 'Vec3<int>::Vec3(const Vec3<int> &)'
  f:\vs projects\volumedata\volumedata\volumedata\datagenerator.cpp(147): note: see reference to function template instantiation 'Vec3<int>::Vec3(const Vec3<int> &)' being compiled
  f:\vs projects\volumedata\volumedata\volumedata\datagenerator.hpp(21): note: see reference to class template instantiation 'Vec3<int>' being compiled
f:\vs projects\volumedata\volumedata\volumedata\vec3.hpp(9): warning C4244: 'initializing': conversion from 'double' to 'int', possible loss of data
f:\vs projects\volumedata\volumedata\volumedata\vec3.hpp(10): warning C4244: 'initializing': conversion from 'double' to 'int', possible loss of data
  VolumeData.vcxproj -> F:\VS Projects\VolumeData\VolumeData\Debug\VolumeData.exe
  VolumeData.vcxproj -> F:\VS Projects\VolumeData\VolumeData\Debug\VolumeData.pdb (Full PDB)
